SF:lib/Firebase/send_product.dart
DA:10,1
DA:19,1
DA:21,5
LF:3
LH:3
end_of_record
SF:lib/Firebase/get_products.dart
DA:10,3
DA:11,3
DA:12,6
DA:13,3
DA:15,9
DA:16,6
DA:17,6
DA:28,1
DA:29,1
DA:30,1
DA:31,3
DA:32,3
DA:33,3
DA:34,2
DA:42,1
DA:44,4
DA:45,1
DA:47,3
DA:48,2
DA:49,2
LF:20
LH:20
end_of_record
SF:lib/Screens/Sell/Validation/price_validator.dart
DA:4,1
DA:5,1
DA:6,1
DA:9,1
LF:4
LH:4
end_of_record
SF:lib/Screens/Sell/Validation/product_name_validator.dart
DA:4,1
DA:5,1
DA:6,1
DA:9,1
LF:4
LH:4
end_of_record
SF:lib/Screens/DeliveryAddress/Validation/city_validator.dart
DA:4,1
DA:5,1
LF:2
LH:2
end_of_record
SF:lib/Screens/DeliveryAddress/Validation/complex_name_validator.dart
DA:4,1
DA:5,1
LF:2
LH:2
end_of_record
SF:lib/Screens/DeliveryAddress/Validation/phone_number_validator.dart
DA:4,1
DA:5,1
DA:7,1
DA:10,1
DA:13,2
LF:5
LH:5
end_of_record
SF:lib/Screens/DeliveryAddress/Validation/province_validator.dart
DA:4,1
DA:5,1
LF:2
LH:2
end_of_record
SF:lib/Screens/DeliveryAddress/Validation/recipient_name_validator.dart
DA:4,1
DA:5,1
LF:2
LH:2
end_of_record
SF:lib/Screens/DeliveryAddress/Validation/street_address_validator.dart
DA:4,1
DA:5,1
LF:2
LH:2
end_of_record
SF:lib/Screens/DeliveryAddress/Validation/suburb_validator.dart
DA:4,1
DA:5,1
LF:2
LH:2
end_of_record
SF:lib/Firebase/delivery_address_functions.dart
DA:9,1
DA:13,1
DA:22,4
DA:23,5
DA:39,1
DA:41,2
DA:42,1
DA:43,1
DA:44,3
DA:46,2
DA:47,2
DA:52,3
DA:53,3
DA:54,2
DA:62,1
DA:63,4
LF:16
LH:16
end_of_record
SF:lib/Firebase/purchase_history_functions.dart
DA:7,1
DA:12,1
DA:20,1
DA:21,3
DA:22,1
DA:23,1
DA:24,1
DA:25,1
DA:26,1
DA:27,1
DA:29,2
DA:30,1
DA:31,1
DA:32,1
DA:33,1
DA:34,1
DA:35,1
DA:36,1
DA:37,1
DA:38,1
DA:39,1
DA:40,1
DA:41,2
DA:43,1
DA:44,1
DA:45,1
DA:46,1
DA:47,1
DA:52,2
DA:54,1
DA:55,1
DA:56,1
DA:57,1
DA:58,1
DA:59,2
DA:77,1
DA:79,4
DA:80,1
DA:82,3
DA:83,2
DA:84,2
LF:41
LH:41
end_of_record
SF:lib/Firebase/wishlist_functions.dart
DA:11,1
DA:15,1
DA:17,4
DA:18,1
DA:19,1
DA:20,1
DA:22,3
DA:23,2
DA:24,2
DA:27,3
DA:29,3
DA:30,3
DA:31,4
DA:32,3
DA:33,2
DA:44,1
DA:47,1
DA:50,4
DA:52,3
DA:53,2
DA:54,2
DA:58,3
DA:59,3
DA:64,1
DA:65,1
DA:66,1
DA:67,1
DA:68,1
DA:69,1
DA:70,2
DA:78,1
DA:79,1
DA:82,4
DA:84,3
DA:85,2
DA:86,2
DA:89,2
DA:90,3
DA:91,2
DA:95,1
DA:96,1
DA:97,1
DA:98,1
DA:99,1
DA:100,1
DA:106,1
DA:108,4
DA:109,1
DA:111,2
DA:112,2
LF:50
LH:50
end_of_record
SF:lib/Screens/Redeem/voucher_code_validator.dart
DA:5,1
DA:6,1
DA:7,1
DA:10,1
LF:4
LH:4
end_of_record
SF:lib/Firebase/credit_functions.dart
DA:10,1
DA:17,1
DA:18,2
DA:19,2
DA:22,1
DA:23,1
DA:24,1
DA:25,1
DA:28,1
DA:29,1
DA:30,1
DA:32,1
DA:35,5
DA:43,1
DA:44,2
DA:45,2
DA:48,1
DA:49,1
DA:50,1
DA:51,1
DA:53,1
LF:21
LH:21
end_of_record
SF:lib/Firebase/voucher_code_functions.dart
DA:10,1
DA:12,1
DA:13,4
DA:17,1
DA:19,2
DA:20,3
DA:21,2
DA:22,2
LF:8
LH:8
end_of_record
SF:lib/Screens/Reviews/review_validator.dart
DA:5,1
DA:6,1
DA:7,1
DA:10,1
LF:4
LH:4
end_of_record
SF:lib/Firebase/review_functions.dart
DA:11,1
DA:18,1
DA:20,2
DA:21,2
DA:23,1
DA:24,1
DA:25,1
DA:26,2
DA:28,3
DA:30,1
DA:31,1
DA:32,1
DA:33,1
DA:34,1
DA:35,2
DA:51,1
DA:54,4
DA:55,1
DA:57,3
DA:58,2
DA:59,2
DA:62,3
DA:63,2
DA:64,3
DA:65,2
LF:25
LH:25
end_of_record
SF:lib/Firebase/cart_functions.dart
DA:11,1
DA:17,1
DA:19,4
DA:20,1
DA:21,1
DA:22,1
DA:24,3
DA:25,2
DA:26,2
DA:29,3
DA:31,3
DA:32,3
DA:33,4
DA:34,3
DA:35,2
DA:45,1
DA:48,1
DA:49,1
DA:50,1
DA:51,1
DA:52,1
DA:53,2
DA:61,1
DA:62,1
DA:65,4
DA:67,3
DA:68,2
DA:69,2
DA:72,2
DA:73,3
DA:74,2
DA:78,1
DA:79,1
DA:80,1
DA:81,1
DA:82,1
DA:83,1
DA:90,1
DA:91,4
DA:92,1
DA:94,2
DA:95,2
LF:42
LH:42
end_of_record
SF:lib/Screens/Cart/cart_total.dart
DA:8,1
DA:11,3
DA:12,3
DA:13,1
DA:15,1
LF:5
LH:5
end_of_record
SF:lib/Screens/Login/Validation/email_field_validator.dart
DA:5,1
DA:7,1
DA:11,2
LF:3
LH:3
end_of_record
SF:lib/Screens/Login/Validation/password_field_validator.dart
DA:5,1
DA:6,1
DA:7,1
DA:11,1
LF:4
LH:4
end_of_record
SF:lib/Screens/Login/Validation/name_field_validator.dart
DA:5,1
DA:6,1
DA:7,1
DA:10,1
LF:4
LH:4
end_of_record
SF:lib/Screens/Login/Validation/surname_field_validator.dart
DA:5,1
DA:6,1
DA:7,1
DA:10,1
LF:4
LH:4
end_of_record
SF:lib/Screens/Login/Validation/username_field_validator.dart
DA:5,1
DA:6,1
DA:7,1
DA:10,1
LF:4
LH:4
end_of_record
SF:lib/Firebase/account_details_functions.dart
DA:14,1
DA:18,1
DA:19,4
DA:27,1
DA:30,3
DA:31,3
DA:32,3
DA:41,1
DA:42,2
DA:44,2
DA:45,1
DA:47,1
DA:51,1
DA:61,1
DA:69,2
DA:70,5
DA:78,1
DA:80,2
DA:82,0
DA:83,0
LF:20
LH:18
end_of_record
SF:lib/Firebase/auth_service.dart
DA:9,1
DA:11,1
DA:12,2
DA:18,1
DA:20,2
DA:22,0
DA:29,1
DA:31,2
DA:34,0
DA:35,0
LF:10
LH:7
end_of_record
SF:lib/Encryption/encryption.dart
DA:8,3
DA:9,6
DA:10,3
DA:17,3
DA:18,3
DA:19,6
DA:21,6
DA:23,3
LF:8
LH:8
end_of_record
SF:lib/Models/user_model.dart
DA:8,1
DA:11,1
DA:12,1
DA:13,1
DA:14,1
DA:15,1
LF:6
LH:6
end_of_record
SF:lib/Firebase/create_user.dart
DA:10,1
DA:14,1
DA:15,2
DA:16,5
LF:4
LH:4
end_of_record
SF:lib/Firebase/rating_functions.dart
DA:10,1
DA:16,1
DA:18,4
DA:21,2
DA:22,1
DA:23,1
DA:24,1
DA:25,1
DA:26,1
DA:27,2
DA:36,1
DA:37,2
DA:38,1
DA:39,1
DA:41,3
DA:42,2
DA:43,2
DA:46,3
DA:47,3
DA:48,2
DA:59,1
DA:60,1
DA:61,1
DA:62,1
DA:69,1
DA:70,1
DA:73,3
DA:74,3
DA:76,1
DA:79,3
DA:87,1
DA:88,1
DA:89,1
DA:90,1
DA:91,1
DA:92,1
DA:94,3
DA:95,2
DA:96,2
LF:39
LH:39
end_of_record
