SF:lib/Screens/Login/Validation/emailFieldValidator.dart
DA:5,1
DA:7,1
DA:11,2
LF:3
LH:3
end_of_record
SF:lib/Screens/Login/Validation/passwordFieldValidator.dart
DA:5,1
DA:6,1
DA:7,1
DA:11,1
LF:4
LH:4
end_of_record
SF:lib/Screens/Redeem/voucher_code_validator.dart
DA:5,1
DA:6,1
DA:7,1
DA:10,1
LF:4
LH:4
end_of_record
SF:lib/Screens/Login/Validation/nameFieldValidator.dart
DA:5,1
DA:6,1
DA:7,1
DA:10,1
LF:4
LH:4
end_of_record
SF:lib/Screens/Login/Validation/surnameFieldValidator.dart
DA:5,1
DA:6,1
DA:7,1
DA:10,1
LF:4
LH:4
end_of_record
SF:lib/Screens/Login/Validation/userNameFieldValidator.dart
DA:5,1
DA:6,1
DA:7,1
DA:10,1
LF:4
LH:4
end_of_record
SF:lib/Screens/Cart/cart_total.dart
DA:8,1
DA:11,3
DA:12,3
DA:13,1
DA:15,1
LF:5
LH:5
end_of_record
SF:lib/Screens/Sell/Validation/pricevalidator.dart
DA:4,1
DA:5,1
DA:6,1
DA:9,1
LF:4
LH:4
end_of_record
SF:lib/Screens/Sell/Validation/productNameValidator.dart
DA:4,1
DA:5,1
DA:6,1
DA:9,1
LF:4
LH:4
end_of_record
SF:lib/Firebase/auth_service.dart
DA:10,0
DA:12,0
DA:14,0
DA:15,0
DA:22,0
DA:24,0
DA:25,0
DA:27,0
DA:28,0
DA:33,0
DA:35,0
DA:36,0
DA:38,0
DA:39,0
DA:45,0
DA:46,0
DA:48,0
LF:17
LH:0
end_of_record
SF:lib/Encryption/encryption.dart
DA:7,0
DA:8,0
DA:9,0
DA:14,0
DA:15,0
DA:21,0
DA:22,0
DA:24,0
DA:26,0
DA:28,0
DA:32,0
DA:33,0
DA:34,0
DA:36,0
DA:38,0
LF:15
LH:0
end_of_record
