SF:lib/Screens/Login/Validation/emailFieldValidator.dart
DA:5,1
DA:7,1
DA:11,2
LF:3
LH:3
end_of_record
SF:lib/Screens/Login/Validation/passwordFieldValidator.dart
DA:5,1
DA:6,1
DA:7,1
DA:11,1
LF:4
LH:4
end_of_record
SF:lib/Screens/Login/Validation/nameFieldValidator.dart
DA:5,1
DA:6,1
DA:7,1
DA:10,1
LF:4
LH:4
end_of_record
SF:lib/Screens/Login/Validation/surnameFieldValidator.dart
DA:5,1
DA:6,1
DA:7,1
DA:10,1
LF:4
LH:4
end_of_record
SF:lib/Screens/Login/Validation/userNameFieldValidator.dart
DA:5,1
DA:6,1
DA:7,1
DA:10,1
LF:4
LH:4
end_of_record
SF:lib/Screens/Cart/cart_total.dart
DA:8,1
DA:11,3
DA:12,3
DA:13,1
DA:15,1
LF:5
LH:5
end_of_record
SF:lib/Screens/Sell/Validation/categoryvalidator.dart
DA:4,1
DA:5,1
DA:6,1
DA:9,1
LF:4
LH:4
end_of_record
SF:lib/Screens/Sell/Validation/pricevalidator.dart
DA:4,1
DA:5,1
DA:6,1
DA:9,1
LF:4
LH:4
end_of_record
SF:lib/Screens/Sell/Validation/productNameValidator.dart
DA:4,1
DA:5,1
DA:6,1
DA:9,1
LF:4
LH:4
end_of_record
